WARNING: The requested image's platform (linux/amd64) does not match the detected host platform (linux/arm64/v8) and no specific platform was requested
[1;32mFunctional annotation of hits...[0m
#  emapper-2.1.12
# emapper.py  -i fastas/axo_hox.fasta -m diamond -o human_test --itype proteins --cpu 6
[1;33m  /usr/local/bin/diamond blastp -d '/usr/local/lib/python3.11/site-packages/data/eggnog_proteins.dmnd' -q '/Users/rgrindle/Desktop/mdibl/wd/ortho_finder/tool_testing/eggnogg/fastas/axo_hox.fasta' --threads 6 -o '/Users/rgrindle/Desktop/mdibl/wd/ortho_finder/GitHub/orthologymap/modules/local/work/ba/af3c8f8bc874b48ca63925457c26db/human_test.emapper.hits' --tmpdir '/Users/rgrindle/Desktop/mdibl/wd/ortho_finder/GitHub/orthologymap/modules/local/work/ba/af3c8f8bc874b48ca63925457c26db/emappertmp_dmdn_r20j93xo' --sensitive --iterate -e 0.001 --top 3  --outfmt 6 qseqid sseqid pident length mismatch gapopen qstart qend sstart send evalue bitscore qcovhsp scovhsp[0m
1 436.77008414268494 0.00 q/s (% mem usage: 7.70, % mem avail: 92.29)
[32mDone[0m
[1;33mResult files:[0m
   /Users/rgrindle/Desktop/mdibl/wd/ortho_finder/GitHub/orthologymap/modules/local/work/ba/af3c8f8bc874b48ca63925457c26db/human_test.emapper.hits
   /Users/rgrindle/Desktop/mdibl/wd/ortho_finder/GitHub/orthologymap/modules/local/work/ba/af3c8f8bc874b48ca63925457c26db/human_test.emapper.seed_orthologs
   /Users/rgrindle/Desktop/mdibl/wd/ortho_finder/GitHub/orthologymap/modules/local/work/ba/af3c8f8bc874b48ca63925457c26db/human_test.emapper.annotations

================================================================================
CITATION:
If you use this software, please cite:

[1] eggNOG-mapper v2: functional annotation, orthology assignments, and domain 
      prediction at the metagenomic scale. Carlos P. Cantalapiedra, 
      Ana Hernandez-Plaza, Ivica Letunic, Peer Bork, Jaime Huerta-Cepas. 2021.
      Molecular Biology and Evolution, msab293, https://doi.org/10.1093/molbev/msab293

[2] eggNOG 5.0: a hierarchical, functionally and phylogenetically annotated
      orthology resource based on 5090 organisms and 2502 viruses. Jaime
      Huerta-Cepas, Damian Szklarczyk, Davide Heller, Ana Hernandez-Plaza,
      Sofia K Forslund, Helen Cook, Daniel R Mende, Ivica Letunic, Thomas
      Rattei, Lars J Jensen, Christian von Mering and Peer Bork. Nucleic Acids
      Research, Volume 47, Issue D1, 8 January 2019, Pages D309-D314,
      https://doi.org/10.1093/nar/gky1085 

[3] Sensitive protein alignments at tree-of-life scale using DIAMOND.
       Buchfink B, Reuter K, Drost HG. 2021.
       Nature Methods 18, 366–368 (2021). https://doi.org/10.1038/s41592-021-01101-x

e.g. Functional annotation was performed using eggNOG-mapper (version emapper-2.1.12) [1]
 based on eggNOG orthology data [2]. Sequence searches were performed using [3].

================================================================================

Total hits processed: 1
Total time: 907 secs
FINISHED
