WARNING: The requested image's platform (linux/amd64) does not match the detected host platform (linux/arm64/v8) and no specific platform was requested

OrthoFinder version 2.5.5 Copyright (C) 2014 David Emms

2023-12-07 21:19:44 : Starting OrthoFinder 2.5.5
10 thread(s) for highly parallel tasks (BLAST searches etc.)
1 thread(s) for OrthoFinder algorithm

Checking required programs are installed
----------------------------------------
Test can run "mcl -h" - ok
Test can run "fastme -i /Users/rgrindle/Desktop/mdibl/wd/ortho_finder/GitHub/orthologymap/modules/local/work/48/0986fb31cad8802291d432b0b71c49/app/OrthoFinder/Results_Dec07_1/WorkingDirectory/dependencies/SimpleTest.phy -o /Users/rgrindle/Desktop/mdibl/wd/ortho_finder/GitHub/orthologymap/modules/local/work/48/0986fb31cad8802291d432b0b71c49/app/OrthoFinder/Results_Dec07_1/WorkingDirectory/dependencies/SimpleTest.tre" - ok

WARNING: Files have been ignored as they don't appear to be FASTA files:
.DS_Store
OrthoFinder expects FASTA files to have one of the following extensions: fa, faa, fas, fasta, pep

Dividing up work for BLAST for parallel processing
--------------------------------------------------
2023-12-07 21:19:46 : Creating diamond database 1 of 3

ERROR: external program called by OrthoFinder returned an error code: 1

Command: diamond makedb --ignore-warnings --in /Users/rgrindle/Desktop/mdibl/wd/ortho_finder/GitHub/orthologymap/modules/local/work/48/0986fb31cad8802291d432b0b71c49/app/OrthoFinder/Results_Dec07_1/WorkingDirectory/Species0.fa -d /Users/rgrindle/Desktop/mdibl/wd/ortho_finder/GitHub/orthologymap/modules/local/work/48/0986fb31cad8802291d432b0b71c49/app/OrthoFinder/Results_Dec07_1/WorkingDirectory/diamondDBSpecies0

stdout
------
b''
stderr
------
b'diamond v2.0.13.151 (C) Max Planck Society for the Advancement of Science\nDocumentation, support and updates available at http://www.diamondsearch.org\nPlease cite: http://dx.doi.org/10.1038/s41592-021-01101-x Nature Methods (2021)\n\n#CPU threads: 10\nScoring parameters: (Matrix=BLOSUM62 Lambda=0.267 K=0.041 Penalties=11/1)\nDatabase input file: /Users/rgrindle/Desktop/mdibl/wd/ortho_finder/GitHub/orthologymap/modules/local/work/48/0986fb31cad8802291d432b0b71c49/app/OrthoFinder/Results_Dec07_1/WorkingDirectory/Species0.fa\nOpening the database file...  [0.002s]\nLoading sequences...  [0.004s]\nError: Error reading input stream at line 2: Invalid character (=) in sequence\n'
ERROR: diamond makedb failed
ERROR: An error occurred, ***please review the error messages*** they may contain useful information about the problem.
