WARNING: The requested image's platform (linux/amd64) does not match the detected host platform (linux/arm64/v8) and no specific platform was requested

OrthoFinder version 2.5.5 Copyright (C) 2014 David Emms

2023-12-07 21:26:51 : Starting OrthoFinder 2.5.5
10 thread(s) for highly parallel tasks (BLAST searches etc.)
1 thread(s) for OrthoFinder algorithm

Checking required programs are installed
----------------------------------------
Test can run "mcl -h" - ok
Test can run "fastme -i /Users/rgrindle/Desktop/mdibl/wd/ortho_finder/GitHub/orthologymap/modules/local/work/f4/c4700e63eeb094e11201fb7add041d/app/OrthoFinder/Results_Dec07_3/WorkingDirectory/dependencies/SimpleTest.phy -o /Users/rgrindle/Desktop/mdibl/wd/ortho_finder/GitHub/orthologymap/modules/local/work/f4/c4700e63eeb094e11201fb7add041d/app/OrthoFinder/Results_Dec07_3/WorkingDirectory/dependencies/SimpleTest.tre" - ok

WARNING: Files have been ignored as they don't appear to be FASTA files:
.DS_Store
OrthoFinder expects FASTA files to have one of the following extensions: fas, fasta, faa, fa, pep

Dividing up work for BLAST for parallel processing
--------------------------------------------------
2023-12-07 21:26:52 : Creating diamond database 1 of 2
2023-12-07 21:26:53 : Creating diamond database 2 of 2

Running diamond all-versus-all
------------------------------
Using 10 thread(s)
2023-12-07 21:26:53 : This may take some time....
nxf-umP6i7fb6eeDXiF8eGAzjuIU
nxf-umP6i7fb6eeDXiF8eGAzjuIU
